TN:
SF:src/LSTOptimizedHook.sol
DA:52,16
FN:52,LSTOptimizedHook.constructor
FNDA:16,LSTOptimizedHook.constructor
DA:53,15
DA:56,17
FN:56,LSTOptimizedHook.getHookPermissions
FNDA:17,LSTOptimizedHook.getHookPermissions
DA:57,17
DA:75,1
FN:75,LSTOptimizedHook.getGuardrailState
FNDA:1,LSTOptimizedHook.getGuardrailState
DA:76,1
DA:79,30
FN:79,LSTOptimizedHook._beforeSwap
FNDA:30,LSTOptimizedHook._beforeSwap
DA:84,30
DA:85,30
DA:86,30
DA:87,30
DA:90,30
DA:91,30
BRDA:91,0,0,1
DA:93,29
DA:95,27
DA:96,27
DA:97,29
DA:99,26
DA:100,29
DA:103,4
BRDA:103,1,0,4
DA:104,4
DA:108,29
DA:110,24
DA:113,19
FN:113,LSTOptimizedHook._afterSwap
FNDA:19,LSTOptimizedHook._afterSwap
DA:118,19
DA:121,19
DA:122,19
DA:124,19
DA:127,29
FN:127,LSTOptimizedHook._validateConfiguredToken
FNDA:29,LSTOptimizedHook._validateConfiguredToken
DA:131,29
DA:132,29
DA:134,29
DA:135,27
BRDA:135,2,0,27
BRDA:135,2,1,1
DA:136,27
BRDA:136,3,0,1
DA:137,1
DA:140,2
BRDA:140,4,0,1
DA:141,1
DA:146,27
FN:146,LSTOptimizedHook._guardrailConfig
FNDA:27,LSTOptimizedHook._guardrailConfig
DA:151,27
DA:161,27
FN:161,LSTOptimizedHook._applyRebaseTransition
FNDA:27,LSTOptimizedHook._applyRebaseTransition
DA:167,27
DA:168,27
DA:169,27
DA:171,26
BRDA:171,5,0,21
DA:172,21
DA:175,5
DA:176,5
DA:178,5
DA:179,5
DA:181,5
DA:182,5
DA:187,30
FN:187,LSTOptimizedHook._absAmountSpecified
FNDA:30,LSTOptimizedHook._absAmountSpecified
DA:188,30
DA:191,24
FN:191,LSTOptimizedHook._emitGuardrailCheck
FNDA:24,LSTOptimizedHook._emitGuardrailCheck
DA:198,24
FNF:10
FNH:10
LF:55
LH:55
BRF:7
BRH:7
end_of_record
TN:
SF:src/mocks/MockNonRebasingLST.sol
DA:12,2
FN:12,MockNonRebasingLST.onlyOwner
FNDA:2,MockNonRebasingLST.onlyOwner
DA:13,2
BRDA:13,0,0,1
DA:17,18
FN:17,MockNonRebasingLST.constructor
FNDA:18,MockNonRebasingLST.constructor
DA:18,18
DA:19,18
DA:22,1
FN:22,MockNonRebasingLST.mint
FNDA:1,MockNonRebasingLST.mint
DA:23,1
DA:26,1
FN:26,MockNonRebasingLST.setExchangeRateWad
FNDA:1,MockNonRebasingLST.setExchangeRateWad
DA:27,1
FNF:4
FNH:4
LF:9
LH:9
BRF:1
BRH:1
end_of_record
TN:
SF:src/mocks/MockPoolManagerHarness.sol
DA:19,6
FN:19,MockPoolManagerHarness.setRawSlot
FNDA:6,MockPoolManagerHarness.setRawSlot
DA:20,6
DA:23,1
FN:23,MockPoolManagerHarness.setSlot0
FNDA:1,MockPoolManagerHarness.setSlot0
DA:24,1
DA:26,1
DA:27,1
DA:30,1
DA:33,2
FN:33,MockPoolManagerHarness.callBeforeSwap
FNDA:2,MockPoolManagerHarness.callBeforeSwap
DA:37,2
BRDA:37,0,0,2
DA:40,1
DA:41,1
DA:42,1
BRDA:42,0,1,1
DA:43,0
DA:46,1
DA:49,2
FN:49,MockPoolManagerHarness.callAfterSwap
FNDA:2,MockPoolManagerHarness.callAfterSwap
DA:53,2
BRDA:53,1,0,2
DA:56,1
DA:57,1
DA:58,1
BRDA:58,1,1,1
DA:59,0
DA:62,1
DA:65,2
FN:65,MockPoolManagerHarness.extsload.0
FNDA:2,MockPoolManagerHarness.extsload.0
DA:66,2
DA:69,2
FN:69,MockPoolManagerHarness.extsload.1
FNDA:2,MockPoolManagerHarness.extsload.1
DA:70,2
DA:71,2
DA:72,3
DA:76,2
FN:76,MockPoolManagerHarness.extsload.2
FNDA:2,MockPoolManagerHarness.extsload.2
DA:77,2
DA:78,2
DA:79,2
FNF:7
FNH:7
LF:31
LH:29
BRF:4
BRH:4
end_of_record
TN:
SF:src/mocks/MockRebasingLST.sol
DA:20,6
FN:20,MockRebasingLST.onlyOwner
FNDA:6,MockRebasingLST.onlyOwner
DA:21,6
BRDA:21,0,0,1
DA:25,18
FN:25,MockRebasingLST.constructor
FNDA:18,MockRebasingLST.constructor
DA:26,18
DA:27,18
DA:28,18
DA:31,33
FN:31,MockRebasingLST.index
FNDA:33,MockRebasingLST.index
DA:32,33
DA:36,1
FN:36,MockRebasingLST.totalShares
FNDA:1,MockRebasingLST.totalShares
DA:37,1
DA:40,1
FN:40,MockRebasingLST.sharesOf
FNDA:1,MockRebasingLST.sharesOf
DA:41,1
DA:44,1
FN:44,MockRebasingLST.previewSharesForAmount
FNDA:1,MockRebasingLST.previewSharesForAmount
DA:45,1
DA:48,1
FN:48,MockRebasingLST.previewAmountForShares
FNDA:1,MockRebasingLST.previewAmountForShares
DA:49,1
DA:52,17
FN:52,MockRebasingLST.mint
FNDA:17,MockRebasingLST.mint
DA:53,17
DA:56,8
FN:56,MockRebasingLST.rebaseByBps
FNDA:8,MockRebasingLST.rebaseByBps
DA:57,8
DA:58,8
DA:61,5
FN:61,MockRebasingLST.setIndex
FNDA:5,MockRebasingLST.setIndex
DA:62,5
DA:65,13
FN:65,MockRebasingLST._setIndex
FNDA:13,MockRebasingLST._setIndex
DA:66,13
BRDA:66,1,0,2
DA:67,11
BRDA:67,2,0,2
DA:69,9
DA:70,9
BRDA:70,3,0,1
DA:71,1
DA:74,8
DA:75,8
DA:76,8
FNF:11
FNH:11
LF:32
LH:32
BRF:4
BRH:4
end_of_record
TN:
SF:src/modules/PricingGuardrails.sol
DA:24,7
FN:24,PricingGuardrails.beginCooldown
FNDA:7,PricingGuardrails.beginCooldown
DA:25,7
DA:26,7
DA:29,568
FN:29,PricingGuardrails.inCooldown
FNDA:568,PricingGuardrails.inCooldown
DA:30,568
DA:33,286
FN:33,PricingGuardrails.currentLimits
FNDA:286,PricingGuardrails.currentLimits
DA:38,286
BRDA:38,0,0,7
BRDA:38,0,1,279
DA:39,7
DA:40,7
DA:42,279
DA:43,279
DA:47,286
FN:47,PricingGuardrails.enforce
FNDA:286,PricingGuardrails.enforce
DA:54,286
DA:56,286
BRDA:56,1,0,3
DA:57,3
DA:60,283
BRDA:60,2,0,268
DA:61,268
DA:62,268
DA:65,268
BRDA:65,3,0,1
DA:66,1
DA:70,282
DA:73,278
FN:73,PricingGuardrails.checkpointTick
FNDA:278,PricingGuardrails.checkpointTick
DA:74,278
DA:75,278
FNF:5
FNH:5
LF:24
LH:24
BRF:5
BRH:5
end_of_record
TN:
SF:src/modules/RebaseAccountingModule.sol
DA:17,263
FN:17,RebaseAccountingModule.normalizeDown
FNDA:263,RebaseAccountingModule.normalizeDown
DA:18,263
BRDA:18,0,0,1
DA:19,262
DA:22,3
FN:22,RebaseAccountingModule.normalizeUp
FNDA:3,RebaseAccountingModule.normalizeUp
DA:23,3
BRDA:23,1,0,1
DA:24,2
BRDA:24,2,0,1
DA:25,1
DA:28,257
FN:28,RebaseAccountingModule.denormalizeDown
FNDA:257,RebaseAccountingModule.denormalizeDown
DA:29,257
DA:32,2
FN:32,RebaseAccountingModule.denormalizeUp
FNDA:2,RebaseAccountingModule.denormalizeUp
DA:33,2
BRDA:33,3,0,1
DA:34,1
DA:37,549
FN:37,RebaseAccountingModule.detectAndUpdateIndex
FNDA:549,RebaseAccountingModule.detectAndUpdateIndex
DA:41,549
BRDA:41,4,0,1
DA:43,548
DA:44,548
BRDA:44,5,0,275
DA:45,275
DA:46,275
DA:47,275
DA:50,273
BRDA:50,6,0,1
DA:51,272
BRDA:51,7,0,14
DA:54,258
DA:57,258
BRDA:57,8,0,2
DA:58,2
DA:61,256
DA:62,256
DA:63,256
FNF:5
FNH:5
LF:27
LH:27
BRF:9
BRH:9
end_of_record
TN:
SF:src/modules/YieldDistributionController.sol
DA:54,21
FN:54,YieldDistributionController.onlyOwner
FNDA:21,YieldDistributionController.onlyOwner
DA:55,21
BRDA:55,0,0,1
DA:59,11
FN:59,YieldDistributionController.onlyHook
FNDA:11,YieldDistributionController.onlyHook
DA:60,11
BRDA:60,1,0,1
DA:64,24
FN:64,YieldDistributionController.constructor
FNDA:24,YieldDistributionController.constructor
DA:65,24
DA:68,20
FN:68,YieldDistributionController.setHook
FNDA:20,YieldDistributionController.setHook
DA:69,20
DA:70,20
DA:73,26
FN:73,YieldDistributionController.setPoolConfig
FNDA:26,YieldDistributionController.setPoolConfig
DA:74,26
BRDA:74,2,0,1
DA:75,25
BRDA:75,3,0,1
DA:76,24
BRDA:76,4,0,1
DA:77,23
BRDA:77,5,0,1
DA:79,22
DA:80,22
DA:81,22
DA:84,34
FN:84,YieldDistributionController.getPoolConfig
FNDA:34,YieldDistributionController.getPoolConfig
DA:85,34
DA:88,3
FN:88,YieldDistributionController.getPoolAccounting
FNDA:3,YieldDistributionController.getPoolAccounting
DA:89,3
DA:92,10
FN:92,YieldDistributionController.recordYieldDelta
FNDA:10,YieldDistributionController.recordYieldDelta
DA:97,10
DA:98,10
DA:99,10
BRDA:99,6,0,1
DA:101,9
BRDA:101,7,0,7
DA:102,7
DA:105,9
BRDA:105,8,0,6
DA:106,6
DA:109,9
DA:110,9
DA:111,9
DA:112,9
DA:113,9
DA:115,9
FNF:8
FNH:8
LF:35
LH:35
BRF:9
BRH:9
end_of_record
